<?xml version="1.0" encoding="ISO-8859-1"?>
<aiml version="2.0">
    <category>
        <pattern>HELLO</pattern>
        <template>Hello!</template>
    </category>

    <category>
        <pattern>WHO ARE YOU</pattern>
        <template>I am GisLabBot</template>
    </category>
    
    <category>
        <pattern>I LIKE *</pattern>
        <template>I like <star/> too.</template>
    </category>

    <category>
        <pattern>สวัสดี</pattern>
        <template>สวัสดีเช่นกัน</template>
    </category>

    <category>
        <pattern>สบายดีไหม</pattern>
        <template>สบายดี แล้วคุณล่ะ?</template>
    </category>

    <category>
        <pattern>CHAT</pattern>
        <template>CHT</template>
    </category>

    <category>
        <pattern>DAY</pattern>
        <template>Today is <date format="%A" jformat="EEEEEEEEEE"/></template>
    </category>

    <category>
        <pattern>*</pattern>
        <template>Sorry, I didn't get <star/> !</template>
    </category>
</aiml>